mode: set
bburli/redis-stream-client-go/impl/helpers.go:10.59,12.2 1 0
bburli/redis-stream-client-go/impl/helpers.go:14.54,16.2 1 0
bburli/redis-stream-client-go/impl/helpers.go:18.126,19.14 1 0
bburli/redis-stream-client-go/impl/helpers.go:19.14,21.3 1 0
bburli/redis-stream-client-go/impl/helpers.go:23.2,23.32 1 0
bburli/redis-stream-client-go/impl/helpers.go:23.32,25.3 1 0
bburli/redis-stream-client-go/impl/helpers.go:27.2,27.10 1 0
bburli/redis-stream-client-go/impl/helpers.go:30.77,31.9 1 0
bburli/redis-stream-client-go/impl/helpers.go:32.20,33.14 1 0
bburli/redis-stream-client-go/impl/helpers.go:34.10,35.15 1 0
bburli/redis-stream-client-go/impl/helpers.go:39.79,40.37 1 0
bburli/redis-stream-client-go/impl/helpers.go:40.37,42.3 1 0
bburli/redis-stream-client-go/impl/helpers.go:44.2,44.42 1 0
bburli/redis-stream-client-go/impl/helpers.go:44.42,46.3 1 0
bburli/redis-stream-client-go/impl/helpers.go:48.2,48.12 1 0
bburli/redis-stream-client-go/impl/init.go:18.101,22.22 2 0
bburli/redis-stream-client-go/impl/init.go:22.22,24.3 1 0
bburli/redis-stream-client-go/impl/init.go:26.2,26.12 1 0
bburli/redis-stream-client-go/impl/init.go:29.89,33.2 3 0
bburli/redis-stream-client-go/impl/init.go:35.72,42.6 4 0
bburli/redis-stream-client-go/impl/init.go:42.6,44.27 1 0
bburli/redis-stream-client-go/impl/init.go:44.27,46.4 1 0
bburli/redis-stream-client-go/impl/init.go:49.3,55.23 2 0
bburli/redis-stream-client-go/impl/init.go:55.23,56.46 1 0
bburli/redis-stream-client-go/impl/init.go:56.46,58.5 1 0
bburli/redis-stream-client-go/impl/init.go:59.4,60.10 2 0
bburli/redis-stream-client-go/impl/init.go:63.3,63.66 1 0
bburli/redis-stream-client-go/impl/init.go:63.66,66.4 2 0
bburli/redis-stream-client-go/impl/init.go:69.3,69.35 1 0
bburli/redis-stream-client-go/impl/init.go:73.129,74.33 1 0
bburli/redis-stream-client-go/impl/init.go:74.33,75.43 1 0
bburli/redis-stream-client-go/impl/init.go:75.43,78.11 2 0
bburli/redis-stream-client-go/impl/init.go:78.11,80.5 1 0
bburli/redis-stream-client-go/impl/init.go:83.4,84.74 2 0
bburli/redis-stream-client-go/impl/init.go:84.74,86.5 1 0
bburli/redis-stream-client-go/impl/init.go:88.4,88.39 1 0
bburli/redis-stream-client-go/impl/init.go:88.39,90.5 1 0
bburli/redis-stream-client-go/impl/init.go:92.4,93.18 2 0
bburli/redis-stream-client-go/impl/init.go:93.18,95.5 1 0
bburli/redis-stream-client-go/impl/init.go:98.4,103.53 1 0
bburli/redis-stream-client-go/impl/init.go:103.53,105.6 1 0
bburli/redis-stream-client-go/impl/init.go:107.4,107.49 1 0
bburli/redis-stream-client-go/impl/init.go:107.49,109.5 1 0
bburli/redis-stream-client-go/impl/init.go:112.4,122.62 4 0
bburli/redis-stream-client-go/impl/init.go:126.2,126.12 1 0
bburli/redis-stream-client-go/impl/init.go:129.123,130.15 1 0
bburli/redis-stream-client-go/impl/init.go:130.15,137.3 2 0
bburli/redis-stream-client-go/impl/init.go:139.2,139.6 1 0
bburli/redis-stream-client-go/impl/init.go:139.6,140.27 1 0
bburli/redis-stream-client-go/impl/init.go:140.27,142.4 1 0
bburli/redis-stream-client-go/impl/init.go:144.3,144.48 1 0
bburli/redis-stream-client-go/impl/init.go:144.48,146.4 1 0
bburli/redis-stream-client-go/impl/init.go:148.3,148.31 1 0
bburli/redis-stream-client-go/impl/init.go:152.55,153.15 1 0
bburli/redis-stream-client-go/impl/init.go:153.15,154.31 1 0
bburli/redis-stream-client-go/impl/init.go:154.31,156.4 1 0
bburli/redis-stream-client-go/impl/init.go:159.2,159.34 1 0
bburli/redis-stream-client-go/impl/init.go:159.34,164.3 1 0
bburli/redis-stream-client-go/impl/init.go:166.2,166.12 1 0
bburli/redis-stream-client-go/impl/relredis.go:43.106,48.34 3 0
bburli/redis-stream-client-go/impl/relredis.go:48.34,49.38 1 0
bburli/redis-stream-client-go/impl/relredis.go:52.2,54.22 2 0
bburli/redis-stream-client-go/impl/relredis.go:54.22,56.3 1 0
bburli/redis-stream-client-go/impl/relredis.go:56.8,58.3 1 0
bburli/redis-stream-client-go/impl/relredis.go:64.2,74.3 2 0
bburli/redis-stream-client-go/impl/relredis.go:78.49,80.2 1 0
bburli/redis-stream-client-go/impl/relredis.go:88.112,90.52 1 0
bburli/redis-stream-client-go/impl/relredis.go:90.52,92.3 1 0
bburli/redis-stream-client-go/impl/relredis.go:94.2,103.26 5 0
bburli/redis-stream-client-go/impl/relredis.go:107.87,109.16 2 0
bburli/redis-stream-client-go/impl/relredis.go:109.16,111.3 1 0
bburli/redis-stream-client-go/impl/relredis.go:114.2,122.22 2 0
bburli/redis-stream-client-go/impl/relredis.go:122.22,124.3 1 0
bburli/redis-stream-client-go/impl/relredis.go:126.2,127.16 2 0
bburli/redis-stream-client-go/impl/relredis.go:127.16,129.3 1 0
bburli/redis-stream-client-go/impl/relredis.go:131.2,131.23 1 0
bburli/redis-stream-client-go/impl/relredis.go:131.23,133.3 1 0
bburli/redis-stream-client-go/impl/relredis.go:135.2,143.51 3 0
bburli/redis-stream-client-go/impl/relredis.go:143.51,145.4 1 0
bburli/redis-stream-client-go/impl/relredis.go:147.2,153.12 4 0
bburli/redis-stream-client-go/impl/relredis.go:157.102,159.9 2 0
bburli/redis-stream-client-go/impl/relredis.go:159.9,161.3 1 0
bburli/redis-stream-client-go/impl/relredis.go:164.2,164.8 1 0
bburli/redis-stream-client-go/impl/relredis.go:164.8,166.3 1 0
bburli/redis-stream-client-go/impl/relredis.go:169.2,170.81 2 0
bburli/redis-stream-client-go/impl/relredis.go:170.81,172.3 1 0
bburli/redis-stream-client-go/impl/relredis.go:175.2,176.22 2 0
bburli/redis-stream-client-go/impl/relredis.go:176.22,178.3 1 0
bburli/redis-stream-client-go/impl/relredis.go:180.2,180.12 1 0
bburli/redis-stream-client-go/impl/relredis.go:184.50,187.40 2 0
bburli/redis-stream-client-go/impl/relredis.go:187.40,188.59 1 0
bburli/redis-stream-client-go/impl/relredis.go:188.59,190.4 1 0
bburli/redis-stream-client-go/impl/relredis.go:194.2,194.36 1 0
bburli/redis-stream-client-go/impl/relredis.go:194.36,196.3 1 0
bburli/redis-stream-client-go/impl/relredis.go:198.2,198.12 1 0
bburli/redis-stream-client-go/impl/relredis.go:201.53,202.41 1 0
bburli/redis-stream-client-go/impl/relredis.go:202.41,204.3 1 0
bburli/redis-stream-client-go/impl/relredis.go:207.2,207.25 1 0
bburli/redis-stream-client-go/impl/relredis.go:207.25,209.9 2 0
bburli/redis-stream-client-go/impl/relredis.go:209.9,214.4 1 0
bburli/redis-stream-client-go/impl/relredis.go:217.2,225.12 3 0
bburli/redis-stream-client-go/impl/types.go:18.40,20.2 1 0
bburli/redis-stream-client-go/impl/types.go:22.58,25.39 2 0
bburli/redis-stream-client-go/impl/types.go:25.39,27.3 1 0
bburli/redis-stream-client-go/impl/types.go:29.2,32.8 1 0
bburli/redis-stream-client-go/impl/types.go:35.77,36.51 1 0
bburli/redis-stream-client-go/impl/types.go:36.51,38.3 1 0
bburli/redis-stream-client-go/impl/types.go:40.2,43.8 1 0
bburli/redis-stream-client-go/impl/helpers.go:10.59,12.2 1 1
bburli/redis-stream-client-go/impl/helpers.go:14.54,16.2 1 1
bburli/redis-stream-client-go/impl/helpers.go:18.126,19.14 1 1
bburli/redis-stream-client-go/impl/helpers.go:19.14,21.3 1 0
bburli/redis-stream-client-go/impl/helpers.go:23.2,23.32 1 1
bburli/redis-stream-client-go/impl/helpers.go:23.32,25.3 1 0
bburli/redis-stream-client-go/impl/helpers.go:27.2,27.10 1 1
bburli/redis-stream-client-go/impl/helpers.go:30.77,31.9 1 1
bburli/redis-stream-client-go/impl/helpers.go:32.20,33.14 1 1
bburli/redis-stream-client-go/impl/helpers.go:34.10,35.15 1 1
bburli/redis-stream-client-go/impl/helpers.go:39.79,40.37 1 1
bburli/redis-stream-client-go/impl/helpers.go:40.37,42.3 1 0
bburli/redis-stream-client-go/impl/helpers.go:44.2,44.42 1 1
bburli/redis-stream-client-go/impl/helpers.go:44.42,46.3 1 0
bburli/redis-stream-client-go/impl/helpers.go:48.2,48.12 1 1
bburli/redis-stream-client-go/impl/init.go:18.101,22.22 2 1
bburli/redis-stream-client-go/impl/init.go:22.22,24.3 1 0
bburli/redis-stream-client-go/impl/init.go:26.2,26.12 1 1
bburli/redis-stream-client-go/impl/init.go:29.89,33.2 3 1
bburli/redis-stream-client-go/impl/init.go:35.72,42.6 4 1
bburli/redis-stream-client-go/impl/init.go:42.6,44.27 1 1
bburli/redis-stream-client-go/impl/init.go:44.27,46.4 1 1
bburli/redis-stream-client-go/impl/init.go:49.3,55.23 2 1
bburli/redis-stream-client-go/impl/init.go:55.23,56.46 1 0
bburli/redis-stream-client-go/impl/init.go:56.46,58.5 1 0
bburli/redis-stream-client-go/impl/init.go:59.4,60.10 2 0
bburli/redis-stream-client-go/impl/init.go:63.3,63.66 1 1
bburli/redis-stream-client-go/impl/init.go:63.66,66.4 2 0
bburli/redis-stream-client-go/impl/init.go:69.3,69.35 1 1
bburli/redis-stream-client-go/impl/init.go:73.129,74.33 1 1
bburli/redis-stream-client-go/impl/init.go:74.33,75.43 1 1
bburli/redis-stream-client-go/impl/init.go:75.43,78.11 2 1
bburli/redis-stream-client-go/impl/init.go:78.11,80.5 1 0
bburli/redis-stream-client-go/impl/init.go:83.4,84.74 2 1
bburli/redis-stream-client-go/impl/init.go:84.74,86.5 1 0
bburli/redis-stream-client-go/impl/init.go:88.4,88.39 1 1
bburli/redis-stream-client-go/impl/init.go:88.39,90.5 1 0
bburli/redis-stream-client-go/impl/init.go:92.4,93.18 2 1
bburli/redis-stream-client-go/impl/init.go:93.18,95.5 1 0
bburli/redis-stream-client-go/impl/init.go:98.4,103.53 1 1
bburli/redis-stream-client-go/impl/init.go:103.53,105.6 1 1
bburli/redis-stream-client-go/impl/init.go:107.4,107.49 1 1
bburli/redis-stream-client-go/impl/init.go:107.49,109.5 1 0
bburli/redis-stream-client-go/impl/init.go:112.4,122.62 4 1
bburli/redis-stream-client-go/impl/init.go:126.2,126.12 1 1
bburli/redis-stream-client-go/impl/init.go:129.123,130.15 1 1
bburli/redis-stream-client-go/impl/init.go:130.15,137.3 2 1
bburli/redis-stream-client-go/impl/init.go:139.2,139.6 1 1
bburli/redis-stream-client-go/impl/init.go:139.6,140.27 1 1
bburli/redis-stream-client-go/impl/init.go:140.27,142.4 1 1
bburli/redis-stream-client-go/impl/init.go:144.3,144.48 1 1
bburli/redis-stream-client-go/impl/init.go:144.48,146.4 1 0
bburli/redis-stream-client-go/impl/init.go:148.3,148.31 1 1
bburli/redis-stream-client-go/impl/init.go:152.55,153.15 1 1
bburli/redis-stream-client-go/impl/init.go:153.15,154.31 1 1
bburli/redis-stream-client-go/impl/init.go:154.31,156.4 1 0
bburli/redis-stream-client-go/impl/init.go:159.2,159.34 1 1
bburli/redis-stream-client-go/impl/init.go:159.34,164.3 1 1
bburli/redis-stream-client-go/impl/init.go:166.2,166.12 1 1
bburli/redis-stream-client-go/impl/relredis.go:43.106,48.34 3 1
bburli/redis-stream-client-go/impl/relredis.go:48.34,49.38 1 0
bburli/redis-stream-client-go/impl/relredis.go:52.2,54.22 2 1
bburli/redis-stream-client-go/impl/relredis.go:54.22,56.3 1 1
bburli/redis-stream-client-go/impl/relredis.go:56.8,58.3 1 0
bburli/redis-stream-client-go/impl/relredis.go:64.2,74.3 2 1
bburli/redis-stream-client-go/impl/relredis.go:78.49,80.2 1 1
bburli/redis-stream-client-go/impl/relredis.go:88.112,90.52 1 1
bburli/redis-stream-client-go/impl/relredis.go:90.52,92.3 1 0
bburli/redis-stream-client-go/impl/relredis.go:94.2,103.26 5 1
bburli/redis-stream-client-go/impl/relredis.go:107.87,109.16 2 1
bburli/redis-stream-client-go/impl/relredis.go:109.16,111.3 1 0
bburli/redis-stream-client-go/impl/relredis.go:114.2,122.22 2 1
bburli/redis-stream-client-go/impl/relredis.go:122.22,124.3 1 0
bburli/redis-stream-client-go/impl/relredis.go:126.2,127.16 2 1
bburli/redis-stream-client-go/impl/relredis.go:127.16,129.3 1 0
bburli/redis-stream-client-go/impl/relredis.go:131.2,131.23 1 1
bburli/redis-stream-client-go/impl/relredis.go:131.23,133.3 1 1
bburli/redis-stream-client-go/impl/relredis.go:135.2,143.51 3 1
bburli/redis-stream-client-go/impl/relredis.go:143.51,145.4 1 1
bburli/redis-stream-client-go/impl/relredis.go:147.2,153.12 4 1
bburli/redis-stream-client-go/impl/relredis.go:157.102,159.9 2 1
bburli/redis-stream-client-go/impl/relredis.go:159.9,161.3 1 0
bburli/redis-stream-client-go/impl/relredis.go:164.2,164.8 1 1
bburli/redis-stream-client-go/impl/relredis.go:164.8,166.3 1 1
bburli/redis-stream-client-go/impl/relredis.go:169.2,170.81 2 1
bburli/redis-stream-client-go/impl/relredis.go:170.81,172.3 1 0
bburli/redis-stream-client-go/impl/relredis.go:175.2,176.22 2 1
bburli/redis-stream-client-go/impl/relredis.go:176.22,178.3 1 0
bburli/redis-stream-client-go/impl/relredis.go:180.2,180.12 1 1
bburli/redis-stream-client-go/impl/relredis.go:184.50,187.40 2 1
bburli/redis-stream-client-go/impl/relredis.go:187.40,188.59 1 1
bburli/redis-stream-client-go/impl/relredis.go:188.59,190.4 1 0
bburli/redis-stream-client-go/impl/relredis.go:194.2,194.36 1 1
bburli/redis-stream-client-go/impl/relredis.go:194.36,196.3 1 0
bburli/redis-stream-client-go/impl/relredis.go:198.2,198.12 1 1
bburli/redis-stream-client-go/impl/relredis.go:201.53,202.41 1 1
bburli/redis-stream-client-go/impl/relredis.go:202.41,204.3 1 1
bburli/redis-stream-client-go/impl/relredis.go:207.2,207.25 1 1
bburli/redis-stream-client-go/impl/relredis.go:207.25,209.9 2 0
bburli/redis-stream-client-go/impl/relredis.go:209.9,214.4 1 0
bburli/redis-stream-client-go/impl/relredis.go:217.2,225.12 3 1
bburli/redis-stream-client-go/impl/types.go:18.40,20.2 1 1
bburli/redis-stream-client-go/impl/types.go:22.58,25.39 2 1
bburli/redis-stream-client-go/impl/types.go:25.39,27.3 1 0
bburli/redis-stream-client-go/impl/types.go:29.2,32.8 1 1
bburli/redis-stream-client-go/impl/types.go:35.77,36.51 1 1
bburli/redis-stream-client-go/impl/types.go:36.51,38.3 1 0
bburli/redis-stream-client-go/impl/types.go:40.2,43.8 1 1
